<?xml version="1.0" encoding="UTF-8"?>
<!-- Generated by org.testng.reporters.JUnitReportReporter -->
<testsuite hostname="EC2AMAZ-8KL45D2" failures="0" tests="2" name="com.WebOrder.cross_browser_test" time="-1727241088.000" errors="1" timestamp="2024-09-25T05:13:07 UTC" skipped="1">
  <testcase classname="com.WebOrder.cross_browser_test" name="login_to_app" time="0.000">
    <skipped/>
  </testcase> <!-- login_to_app -->
  <system-out/>
  <testcase classname="com.WebOrder.cross_browser_test" name="pre_condition" time="-1727241088.000">
    <error message="
Parameter &#039;browser&#039; is required by BeforeTest on method pre_condition but has not been marked @Optional or defined
in C:\Yogendra Epsilon\workspace\selenium_Training\Selenium_Demo\src\test\java\BatchExucation.xml" type="org.testng.TestNGException">
      <![CDATA[org.testng.TestNGException: 
Parameter 'browser' is required by BeforeTest on method pre_condition but has not been marked @Optional or defined
in C:\Yogendra Epsilon\workspace\selenium_Training\Selenium_Demo\src\test\java\BatchExucation.xml
at org.testng.internal.Parameters.createParams(Parameters.java:270)
at org.testng.internal.Parameters.createParametersForMethod(Parameters.java:358)
at org.testng.internal.Parameters.createParameters(Parameters.java:700)
at org.testng.internal.Parameters.createConfigurationParameters(Parameters.java:168)
at org.testng.internal.ConfigInvoker.invokeConfigurations(ConfigInvoker.java:302)
at org.testng.TestRunner.invokeTestConfigurations(TestRunner.java:637)
at org.testng.TestRunner.beforeRun(TestRunner.java:627)
at org.testng.TestRunner.run(TestRunner.java:589)
at org.testng.SuiteRunner.runTest(SuiteRunner.java:377)
at org.testng.SuiteRunner.runSequentially(SuiteRunner.java:371)
at org.testng.SuiteRunner.privateRun(SuiteRunner.java:332)
at org.testng.SuiteRunner.run(SuiteRunner.java:276)
at org.testng.SuiteRunnerWorker.runSuite(SuiteRunnerWorker.java:53)
at org.testng.SuiteRunnerWorker.run(SuiteRunnerWorker.java:96)
at org.testng.TestNG.runSuitesSequentially(TestNG.java:1212)
at org.testng.TestNG.runSuitesLocally(TestNG.java:1134)
at org.testng.TestNG.runSuites(TestNG.java:1063)
at org.testng.TestNG.run(TestNG.java:1031)
at org.testng.remote.AbstractRemoteTestNG.run(AbstractRemoteTestNG.java:115)
at org.testng.remote.RemoteTestNG.initAndRun(RemoteTestNG.java:293)
at org.testng.remote.RemoteTestNG.main(RemoteTestNG.java:91)
]]>
    </error>
  </testcase> <!-- pre_condition -->
  <system-out/>
</testsuite> <!-- com.WebOrder.cross_browser_test -->
